[ 2015-11-09T15:18:55+08:00 ] ::1 /FindGift/__CSS__/HomePage.css
INFO: [ app_init ] --START--
INFO: Run Behavior\BuildLiteBehavior [ RunTime:0.000000s ]
INFO: [ app_init ] --END-- [ RunTime:0.001000s ]
ERR: 无法加载模块:__CSS__

[ 2015-11-09T15:22:21+08:00 ] ::1 /FindGift/__CSS__/HomePage.css
INFO: [ app_init ] --START--
INFO: Run Behavior\BuildLiteBehavior [ RunTime:0.001000s ]
INFO: [ app_init ] --END-- [ RunTime:0.002000s ]
ERR: 无法加载模块:__CSS__

[ 2015-11-09T15:25:24+08:00 ] ::1 /FindGift/__CSS__/HomePage.css
INFO: [ app_init ] --START--
INFO: Run Behavior\BuildLiteBehavior [ RunTime:0.000000s ]
INFO: [ app_init ] --END-- [ RunTime:0.001001s ]
ERR: 无法加载模块:__CSS__

[ 2015-11-09T15:25:56+08:00 ] ::1 /FindGift/__CSS__/HomePage.css
INFO: [ app_init ] --START--
INFO: Run Behavior\BuildLiteBehavior [ RunTime:0.000000s ]
INFO: [ app_init ] --END-- [ RunTime:0.002000s ]
ERR: 无法加载模块:__CSS__

