[ 2015-11-07T08:55:56+08:00 ] ::1 /FindGift/Public/Home/fonts/icomoon.woff?rretjt
INFO: [ app_init ] --START--
INFO: Run Behavior\BuildLiteBehavior [ RunTime:0.001000s ]
INFO: [ app_init ] --END-- [ RunTime:0.003000s ]
ERR: 无法加载模块:Public

[ 2015-11-07T08:55:56+08:00 ] ::1 /FindGift/Public/Home/fonts/icomoon.ttf?rretjt
INFO: [ app_init ] --START--
INFO: Run Behavior\BuildLiteBehavior [ RunTime:0.000000s ]
INFO: [ app_init ] --END-- [ RunTime:0.002000s ]
ERR: 无法加载模块:Public

[ 2015-11-07T08:56:22+08:00 ] ::1 /FindGift/Public/Home/fonts/icomoon.woff?rretjt
INFO: [ app_init ] --START--
INFO: Run Behavior\BuildLiteBehavior [ RunTime:0.000000s ]
INFO: [ app_init ] --END-- [ RunTime:0.006001s ]
ERR: 无法加载模块:Public

[ 2015-11-07T08:56:23+08:00 ] ::1 /FindGift/Public/Home/fonts/icomoon.ttf?rretjt
INFO: [ app_init ] --START--
INFO: Run Behavior\BuildLiteBehavior [ RunTime:0.000000s ]
INFO: [ app_init ] --END-- [ RunTime:0.002000s ]
ERR: 无法加载模块:Public

