[ 2016-04-27T18:40:37+08:00 ] ::1 /FindGift/Uploads/20160427/572095c88a3ee.jpg
INFO: [ app_init ] --START--
INFO: Run Behavior\BuildLiteBehavior [ RunTime:0.000000s ]
INFO: [ app_init ] --END-- [ RunTime:0.000000s ]
ERR: 无法加载模块:Uploads

[ 2016-04-27T18:40:37+08:00 ] ::1 /FindGift/Public/Home/css/images/ui-bg_highlight-soft_100_f6f6f6_1x100.png
INFO: [ app_init ] --START--
INFO: Run Behavior\BuildLiteBehavior [ RunTime:0.000000s ]
INFO: [ app_init ] --END-- [ RunTime:0.000000s ]
ERR: 无法加载模块:Public

[ 2016-04-27T18:40:39+08:00 ] ::1 /FindGift/Uploads/20160427/572095c88a3ee.jpg
INFO: [ app_init ] --START--
INFO: Run Behavior\BuildLiteBehavior [ RunTime:0.000000s ]
INFO: [ app_init ] --END-- [ RunTime:0.001000s ]
ERR: 无法加载模块:Uploads

[ 2016-04-27T18:40:46+08:00 ] ::1 /FindGift/Uploads/20160427/572095c88a3ee.jpg
INFO: [ app_init ] --START--
INFO: Run Behavior\BuildLiteBehavior [ RunTime:0.000000s ]
INFO: [ app_init ] --END-- [ RunTime:0.000000s ]
ERR: 无法加载模块:Uploads

