[ 2016-04-28T16:51:49+08:00 ] ::1 /FindGift/Uploads/20160427/572095c88a3ee.jpg
INFO: [ app_init ] --START--
INFO: Run Behavior\BuildLiteBehavior [ RunTime:0.000000s ]
INFO: [ app_init ] --END-- [ RunTime:0.001000s ]
ERR: 无法加载模块:Uploads

[ 2016-04-28T16:51:50+08:00 ] ::1 /FindGift/Public/Home/css/images/ui-bg_highlight-soft_100_f6f6f6_1x100.png
INFO: [ app_init ] --START--
INFO: Run Behavior\BuildLiteBehavior [ RunTime:0.000000s ]
INFO: [ app_init ] --END-- [ RunTime:0.001000s ]
ERR: 无法加载模块:Public

[ 2016-04-28T16:57:00+08:00 ] ::1 /FindGift/Uploads/20160427/572095c88a3ee.jpg
INFO: [ app_init ] --START--
INFO: Run Behavior\BuildLiteBehavior [ RunTime:0.000000s ]
INFO: [ app_init ] --END-- [ RunTime:0.000000s ]
ERR: 无法加载模块:Uploads

[ 2016-04-28T16:57:01+08:00 ] ::1 /FindGift/Public/Home/css/images/ui-bg_highlight-soft_100_f6f6f6_1x100.png
INFO: [ app_init ] --START--
INFO: Run Behavior\BuildLiteBehavior [ RunTime:0.000000s ]
INFO: [ app_init ] --END-- [ RunTime:0.001000s ]
ERR: 无法加载模块:Public

[ 2016-04-28T16:59:23+08:00 ] ::1 /FindGift/Uploads/20160427/572095c88a3ee.jpg
INFO: [ app_init ] --START--
INFO: Run Behavior\BuildLiteBehavior [ RunTime:0.000000s ]
INFO: [ app_init ] --END-- [ RunTime:0.001000s ]
ERR: 无法加载模块:Uploads

[ 2016-04-28T17:00:31+08:00 ] ::1 /FindGift/Uploads/20160427/572095c88a3ee.jpg
INFO: [ app_init ] --START--
INFO: Run Behavior\BuildLiteBehavior [ RunTime:0.000000s ]
INFO: [ app_init ] --END-- [ RunTime:0.001000s ]
ERR: 无法加载模块:Uploads

[ 2016-04-28T17:00:31+08:00 ] ::1 /FindGift/Public/Home/css/images/ui-bg_highlight-soft_100_f6f6f6_1x100.png
INFO: [ app_init ] --START--
INFO: Run Behavior\BuildLiteBehavior [ RunTime:0.000000s ]
INFO: [ app_init ] --END-- [ RunTime:0.000000s ]
ERR: 无法加载模块:Public

[ 2016-04-28T17:00:40+08:00 ] ::1 /FindGift/Uploads/20160427/572095c88a3ee.jpg
INFO: [ app_init ] --START--
INFO: Run Behavior\BuildLiteBehavior [ RunTime:0.000000s ]
INFO: [ app_init ] --END-- [ RunTime:0.000000s ]
ERR: 无法加载模块:Uploads

[ 2016-04-28T17:17:24+08:00 ] ::1 /FindGift/Uploads/20160427/572095c88a3ee.jpg
INFO: [ app_init ] --START--
INFO: Run Behavior\BuildLiteBehavior [ RunTime:0.000000s ]
INFO: [ app_init ] --END-- [ RunTime:0.000000s ]
ERR: 无法加载模块:Uploads

[ 2016-04-28T17:17:39+08:00 ] ::1 /FindGift/Uploads/20160427/572095c88a3ee.jpg
INFO: [ app_init ] --START--
INFO: Run Behavior\BuildLiteBehavior [ RunTime:0.000000s ]
INFO: [ app_init ] --END-- [ RunTime:0.000000s ]
ERR: 无法加载模块:Uploads

[ 2016-04-28T17:17:47+08:00 ] ::1 /FindGift/Uploads/20160427/572095c88a3ee.jpg
INFO: [ app_init ] --START--
INFO: Run Behavior\BuildLiteBehavior [ RunTime:0.001000s ]
INFO: [ app_init ] --END-- [ RunTime:0.001000s ]
ERR: 无法加载模块:Uploads

[ 2016-04-28T17:24:00+08:00 ] ::1 /FindGift/Uploads/20160427/572095c88a3ee.jpg
INFO: [ app_init ] --START--
INFO: Run Behavior\BuildLiteBehavior [ RunTime:0.000000s ]
INFO: [ app_init ] --END-- [ RunTime:0.000000s ]
ERR: 无法加载模块:Uploads

[ 2016-04-28T17:24:00+08:00 ] ::1 /FindGift/Public/Home/css/images/ui-bg_highlight-soft_100_f6f6f6_1x100.png
INFO: [ app_init ] --START--
INFO: Run Behavior\BuildLiteBehavior [ RunTime:0.000000s ]
INFO: [ app_init ] --END-- [ RunTime:0.000000s ]
ERR: 无法加载模块:Public

[ 2016-04-28T18:12:05+08:00 ] ::1 /FindGift/Uploads/20160427/572095c88a3ee.jpg
INFO: [ app_init ] --START--
INFO: Run Behavior\BuildLiteBehavior [ RunTime:0.000000s ]
INFO: [ app_init ] --END-- [ RunTime:0.000000s ]
ERR: 无法加载模块:Uploads

[ 2016-04-28T18:12:05+08:00 ] ::1 /FindGift/Public/Home/css/images/ui-bg_highlight-soft_100_f6f6f6_1x100.png
INFO: [ app_init ] --START--
INFO: Run Behavior\BuildLiteBehavior [ RunTime:0.000000s ]
INFO: [ app_init ] --END-- [ RunTime:0.001000s ]
ERR: 无法加载模块:Public

